#! c:/iverilog-x64/bin/vvp
:ivl_version "10.1 (stable)" "(v10_1_1)";
:ivl_delay_selection "TYPICAL";
:vpi_time_precision - 12;
:vpi_module "system";
:vpi_module "vhdl_sys";
:vpi_module "v2005_math";
:vpi_module "va_math";
S_00000000007628f0 .scope module, "testbench" "testbench" 2 4;
 .timescale -9 -12;
P_00000000007601a0 .param/l "DURATION" 1 2 25, +C4<00000000000000000000000000010100>;
v0000000001fc0880_0 .var "clk", 0 0;
v0000000001fc0920_0 .var "item_in", 7 0;
v0000000001fc09c0_0 .net "item_out", 7 0, L_000000000075ed10;  1 drivers
v0000000001fc0a60_0 .var "reset", 0 0;
S_000000000075cc20 .scope module, "p1" "pusher" 2 33, 3 3 0, S_00000000007628f0;
 .timescale -9 -12;
    .port_info 0 /INPUT 1 "clk"
    .port_info 1 /INPUT 1 "reset"
    .port_info 2 /INPUT 8 "item_in"
    .port_info 3 /OUTPUT 8 "item_out"
L_000000000075ed10 .functor BUFZ 8, v000000000075cda0_0, C4<00000000>, C4<00000000>, C4<00000000>;
v0000000000762a70_0 .net "clk", 0 0, v0000000001fc0880_0;  1 drivers
v000000000075cda0_0 .var "item", 7 0;
v000000000075ce40_0 .net "item_in", 7 0, v0000000001fc0920_0;  1 drivers
v000000000075cee0_0 .net "item_out", 7 0, L_000000000075ed10;  alias, 1 drivers
v000000000075cf80_0 .net "reset", 0 0, v0000000001fc0a60_0;  1 drivers
E_00000000007603e0 .event posedge, v000000000075cf80_0, v0000000000762a70_0;
    .scope S_000000000075cc20;
T_0 ;
    %wait E_00000000007603e0;
    %load/vec4 v000000000075cf80_0;
    %flag_set/vec4 8;
    %jmp/0xz  T_0.0, 8;
    %pushi/vec4 0, 0, 8;
    %assign/vec4 v000000000075cda0_0, 0;
    %jmp T_0.1;
T_0.0 ;
    %load/vec4 v000000000075ce40_0;
    %assign/vec4 v000000000075cda0_0, 0;
    %vpi_call 3 23 "$display", "I latched an item: %d", v000000000075ce40_0 {0 0 0};
T_0.1 ;
    %jmp T_0;
    .thread T_0;
    .scope S_00000000007628f0;
T_1 ;
    %pushi/vec4 1, 0, 1;
    %assign/vec4 v0000000001fc0a60_0, 0;
    %pushi/vec4 0, 0, 1;
    %assign/vec4 v0000000001fc0880_0, 0;
    %pushi/vec4 0, 0, 8;
    %assign/vec4 v0000000001fc0920_0, 0;
    %delay 500, 0;
    %pushi/vec4 0, 0, 1;
    %assign/vec4 v0000000001fc0a60_0, 0;
    %end;
    .thread T_1;
    .scope S_00000000007628f0;
T_2 ;
    %delay 500, 0;
    %load/vec4 v0000000001fc0880_0;
    %inv;
    %assign/vec4 v0000000001fc0880_0, 0;
    %jmp T_2;
    .thread T_2;
    .scope S_00000000007628f0;
T_3 ;
    %delay 1000, 0;
    %load/vec4 v0000000001fc0920_0;
    %addi 1, 0, 8;
    %assign/vec4 v0000000001fc0920_0, 0;
    %jmp T_3;
    .thread T_3;
    .scope S_00000000007628f0;
T_4 ;
    %delay 20000, 0;
    %vpi_call 2 28 "$finish" {0 0 0};
    %end;
    .thread T_4;
# The file index is used to find the file name in the following table.
:file_names 4;
    "N/A";
    "<interactive>";
    "testbench.v";
    "./pusher.v";
